Using pre-set license
Built from '2020.3/staging' branch; Version is '2020.3.16f1 (049d6eca3c44) revision 302446'; Using compiler version '192528614'; Build Type 'Release'
OS: 'Windows 10 Enterprise; OS build 19044.2251; Version 2009; 64bit' Language: 'en' Physical Memory: 32528 MB
BatchMode: 1, IsHumanControllingUs: 0, StartBugReporterOnCrash: 0, Is64bit: 1, IsPro: 0

 COMMAND LINE ARGUMENTS:
C:\Program Files\Unity\Hub\Editor\2020.3.16f1\Editor\Unity.exe
-adb2
-batchMode
-noUpm
-name
AssetImportWorker0
-projectPath
C:/Users/trodenbeck/Desktop/VR2_EdApp/Vr Education Game
-logFile
Logs/AssetImportWorker0.log
-srvPort
60793
Successfully changed project path to: C:/Users/trodenbeck/Desktop/VR2_EdApp/Vr Education Game
C:/Users/trodenbeck/Desktop/VR2_EdApp/Vr Education Game
Using Asset Import Pipeline V2.
Refreshing native plugins compatible for Editor in 31.03 ms, found 2 plugins.
Preloading 0 native plugins for Editor in 0.00 ms.
Initialize engine version: 2020.3.16f1 (049d6eca3c44)
[Subsystems] Discovering subsystems at path C:/Program Files/Unity/Hub/Editor/2020.3.16f1/Editor/Data/Resources/UnitySubsystems
[Subsystems] Discovering subsystems at path C:/Users/trodenbeck/Desktop/VR2_EdApp/Vr Education Game/Assets
GfxDevice: creating device client; threaded=0
Direct3D:
    Version:  Direct3D 11.0 [level 11.1]
    Renderer: NVIDIA Quadro P5200 (ID=0x1bb5)
    Vendor:   
    VRAM:     16255 MB
    Driver:   30.0.15.1363
Initialize mono
Mono path[0] = 'C:/Program Files/Unity/Hub/Editor/2020.3.16f1/Editor/Data/Managed'
Mono path[1] = 'C:/Program Files/Unity/Hub/Editor/2020.3.16f1/Editor/Data/MonoBleedingEdge/lib/mono/unityjit'
Mono config path = 'C:/Program Files/Unity/Hub/Editor/2020.3.16f1/Editor/Data/MonoBleedingEdge/etc'
Using monoOptions --debugger-agent=transport=dt_socket,embedding=1,server=y,suspend=n,address=127.0.0.1:56572
Begin MonoManager ReloadAssembly
Registering precompiled unity dll's ...
Register platform support module: C:/Program Files/Unity/Hub/Editor/2020.3.16f1/Editor/Data/PlaybackEngines/WebGLSupport/UnityEditor.WebGL.Extensions.dll
Register platform support module: C:/Program Files/Unity/Hub/Editor/2020.3.16f1/Editor/Data/PlaybackEngines/WindowsStandaloneSupport/UnityEditor.WindowsStandalone.Extensions.dll
Registered in 0.002553 seconds.
Native extension for WindowsStandalone target not found
Native extension for WebGL target not found
Refreshing native plugins compatible for Editor in 30.40 ms, found 2 plugins.
Preloading 0 native plugins for Editor in 0.00 ms.
Mono: successfully reloaded assembly
- Completed reload, in  1.043 seconds
Domain Reload Profiling:
	ReloadAssembly (1043ms)
		BeginReloadAssembly (52ms)
			ExecutionOrderSort (0ms)
			DisableScriptedObjects (0ms)
			BackupInstance (0ms)
			ReleaseScriptingObjects (0ms)
			CreateAndSetChildDomain (1ms)
		EndReloadAssembly (381ms)
			LoadAssemblies (50ms)
			RebuildTransferFunctionScriptingTraits (0ms)
			SetupTypeCache (152ms)
			ReleaseScriptCaches (0ms)
			RebuildScriptCaches (30ms)
			SetupLoadedEditorAssemblies (142ms)
				LogAssemblyErrors (0ms)
				InitializePlatformSupportModulesInManaged (4ms)
				SetLoadedEditorAssemblies (0ms)
				RefreshPlugins (30ms)
				BeforeProcessingInitializeOnLoad (8ms)
				ProcessInitializeOnLoadAttributes (72ms)
				ProcessInitializeOnLoadMethodAttributes (27ms)
				AfterProcessingInitializeOnLoad (0ms)
				EditorAssembliesLoaded (0ms)
			ExecutionOrderSort2 (0ms)
			AwakeInstancesAfterBackupRestoration (0ms)
Platform modules already initialized, skipping
Registering precompiled user dll's ...
Registered in 0.004731 seconds.
Begin MonoManager ReloadAssembly
Native extension for WindowsStandalone target not found
Native extension for WebGL target not found
Refreshing native plugins compatible for Editor in 0.40 ms, found 2 plugins.
Preloading 0 native plugins for Editor in 0.00 ms.
Mono: successfully reloaded assembly
- Completed reload, in  1.043 seconds
Domain Reload Profiling:
	ReloadAssembly (1044ms)
		BeginReloadAssembly (140ms)
			ExecutionOrderSort (0ms)
			DisableScriptedObjects (4ms)
			BackupInstance (0ms)
			ReleaseScriptingObjects (0ms)
			CreateAndSetChildDomain (19ms)
		EndReloadAssembly (842ms)
			LoadAssemblies (89ms)
			RebuildTransferFunctionScriptingTraits (0ms)
			SetupTypeCache (281ms)
			ReleaseScriptCaches (0ms)
			RebuildScriptCaches (50ms)
			SetupLoadedEditorAssemblies (339ms)
				LogAssemblyErrors (0ms)
				InitializePlatformSupportModulesInManaged (7ms)
				SetLoadedEditorAssemblies (0ms)
				RefreshPlugins (0ms)
				BeforeProcessingInitializeOnLoad (59ms)
				ProcessInitializeOnLoadAttributes (264ms)
				ProcessInitializeOnLoadMethodAttributes (3ms)
				AfterProcessingInitializeOnLoad (6ms)
				EditorAssembliesLoaded (0ms)
			ExecutionOrderSort2 (0ms)
			AwakeInstancesAfterBackupRestoration (6ms)
Platform modules already initialized, skipping
========================================================================
Worker process is ready to serve import requests
Launched and connected shader compiler UnityShaderCompiler.exe after 0.04 seconds
Refreshing native plugins compatible for Editor in 0.64 ms, found 2 plugins.
Preloading 0 native plugins for Editor in 0.00 ms.
Unloading 1775 Unused Serialized files (Serialized files now loaded: 0)
System memory in use before: 83.7 MB.
System memory in use after: 83.8 MB.

Unloading 18 unused Assets to reduce memory usage. Loaded Objects now: 2212.
Total: 4.083500 ms (FindLiveObjects: 0.187400 ms CreateObjectMapping: 0.050300 ms MarkObjects: 3.722100 ms  DeleteObjects: 0.122500 ms)

AssetImportParameters requested are different than current active one (requested -> active):
  custom:framework-win-MediaFoundation: 216162199b28c13a410421893ffa2e32 -> 
  custom:video-decoder-ogg-theora: a1e56fd34408186e4bbccfd4996cb3dc -> 
  custom:container-muxer-webm: aa71ff27fc2769a1b78a27578f13a17b -> 
  custom:container-demuxer-webm: 4f35f7cbe854078d1ac9338744f61a02 -> 
  custom:container-demuxer-ogg: 62fdf1f143b41e24485cea50d1cbac27 -> 
  custom:video-encoder-webm-vp8: eb34c28f22e8b96e1ab97ce403110664 -> 
  custom:video-decoder-webm-vp8: 9c59270c3fd7afecdb556c50c9e8de78 -> 
  custom:audio-decoder-ogg-vorbis: bf7c407c2cedff20999df2af8eb42d56 -> 
  custom:audio-encoder-webm-vorbis: bf7c407c2cedff20999df2af8eb42d56 -> 
========================================================================
Received Import Request.
  path: Assets/TextMesh Pro
  artifactKey: Guid(f54d1bd14bd3ca042bd867b519fee8cc) Importer(815301076,1909f56bfc062723c751e8b465ee728b)
Start importing Assets/TextMesh Pro using Guid(f54d1bd14bd3ca042bd867b519fee8cc) Importer(815301076,1909f56bfc062723c751e8b465ee728b)  -> (artifact id: '6170b652e791f28e2dae01803c8e71bf') in 0.007793 seconds 
  Import took 0.010222 seconds .

========================================================================
Received Import Request.
  Time since last request: 0.000309 seconds.
  path: Assets/Ui Elements
  artifactKey: Guid(7f909de53300bfc4ca68dc1d20b69046) Importer(815301076,1909f56bfc062723c751e8b465ee728b)
Start importing Assets/Ui Elements using Guid(7f909de53300bfc4ca68dc1d20b69046) Importer(815301076,1909f56bfc062723c751e8b465ee728b)  -> (artifact id: 'd4a3f96e5a6600533fd55969252d96a8') in 0.007289 seconds 
  Import took 0.010329 seconds .

========================================================================
Received Import Request.
  Time since last request: 0.000363 seconds.
  path: Assets/Scripts
  artifactKey: Guid(153bdb0cdd0a2b942a22a07117b91ae0) Importer(815301076,1909f56bfc062723c751e8b465ee728b)
Start importing Assets/Scripts using Guid(153bdb0cdd0a2b942a22a07117b91ae0) Importer(815301076,1909f56bfc062723c751e8b465ee728b)  -> (artifact id: '895ba9c5d5c3a0f414a7104a8f5f19bd') in 0.007873 seconds 
  Import took 0.012013 seconds .

========================================================================
Received Import Request.
  Time since last request: 0.000276 seconds.
  path: Assets/Scenes
  artifactKey: Guid(8f78bd824ea40f2439673ea2f1fee8ed) Importer(815301076,1909f56bfc062723c751e8b465ee728b)
Start importing Assets/Scenes using Guid(8f78bd824ea40f2439673ea2f1fee8ed) Importer(815301076,1909f56bfc062723c751e8b465ee728b)  -> (artifact id: '2538415cfecabfe198885fed8d2523c8') in 0.006225 seconds 
  Import took 0.009224 seconds .

========================================================================
Received Import Request.
  Time since last request: 25.181496 seconds.
  path: Assets/3D models
  artifactKey: Guid(21fd912bcc99a59428720995045701bd) Importer(815301076,1909f56bfc062723c751e8b465ee728b)
Start importing Assets/3D models using Guid(21fd912bcc99a59428720995045701bd) Importer(815301076,1909f56bfc062723c751e8b465ee728b)  -> (artifact id: '208ae650ff51c012b85364e5810eed2b') in 0.008810 seconds 
  Import took 0.011729 seconds .

========================================================================
Received Import Request.
  Time since last request: 0.103573 seconds.
  path: Assets/3D models/Bottle.obj
  artifactKey: Guid(79961dc5ce2bc1f48afedc7aaef426ab) Importer(815301076,1909f56bfc062723c751e8b465ee728b)
Start importing Assets/3D models/Bottle.obj using Guid(79961dc5ce2bc1f48afedc7aaef426ab) Importer(815301076,1909f56bfc062723c751e8b465ee728b)  -> (artifact id: 'e35f61d764bdee6f67d2eeb6e2e86318') in 0.135820 seconds 
  Import took 0.138687 seconds .

========================================================================
Received Import Request.
  Time since last request: 0.000294 seconds.
  path: Assets/3D models/Stove.obj
  artifactKey: Guid(52088953bb61ea546930203aad1cfc85) Importer(815301076,1909f56bfc062723c751e8b465ee728b)
Start importing Assets/3D models/Stove.obj using Guid(52088953bb61ea546930203aad1cfc85) Importer(815301076,1909f56bfc062723c751e8b465ee728b)  -> (artifact id: 'd47b52766311d52cc824130dcaae5484') in 0.029014 seconds 
  Import took 0.032250 seconds .

========================================================================
Received Import Request.
  Time since last request: 0.000309 seconds.
  path: Assets/3D models/Chives.obj
  artifactKey: Guid(a0b9b6058f33420498e8d72b0e3cc7ac) Importer(815301076,1909f56bfc062723c751e8b465ee728b)
Start importing Assets/3D models/Chives.obj using Guid(a0b9b6058f33420498e8d72b0e3cc7ac) Importer(815301076,1909f56bfc062723c751e8b465ee728b)  -> (artifact id: '042e2587792b15a28bf9895d014db86a') in 0.033462 seconds 
  Import took 0.036322 seconds .

========================================================================
Received Import Request.
  Time since last request: 0.000251 seconds.
  path: Assets/3D models/Pan.obj
  artifactKey: Guid(db66b454eedd2d14f86c3c57b05bff6a) Importer(815301076,1909f56bfc062723c751e8b465ee728b)
Start importing Assets/3D models/Pan.obj using Guid(db66b454eedd2d14f86c3c57b05bff6a) Importer(815301076,1909f56bfc062723c751e8b465ee728b)  -> (artifact id: 'effd29e392f0ca86eae9df2671370a2e') in 0.035181 seconds 
  Import took 0.037963 seconds .

========================================================================
Received Import Request.
  Time since last request: 0.000255 seconds.
  path: Assets/3D models/carit.obj
  artifactKey: Guid(82622c2c2f365bc439e95987bdf9b3c7) Importer(815301076,1909f56bfc062723c751e8b465ee728b)
Start importing Assets/3D models/carit.obj using Guid(82622c2c2f365bc439e95987bdf9b3c7) Importer(815301076,1909f56bfc062723c751e8b465ee728b)  -> (artifact id: '9c2f85ee36cf9f3224a1f9031b9ab161') in 0.030228 seconds 
  Import took 0.032771 seconds .

========================================================================
Received Import Request.
  Time since last request: 0.000256 seconds.
  path: Assets/3D models/Window.fbx
  artifactKey: Guid(8ad0d366d3da3ec4db67982f26116771) Importer(815301076,1909f56bfc062723c751e8b465ee728b)
Start importing Assets/3D models/Window.fbx using Guid(8ad0d366d3da3ec4db67982f26116771) Importer(815301076,1909f56bfc062723c751e8b465ee728b)  -> (artifact id: '952c38887b64ac5a58e90e79c75d3f94') in 0.088884 seconds 
  Import took 0.091710 seconds .

========================================================================
Received Import Request.
  Time since last request: 0.000249 seconds.
  path: Assets/3D models/boule.obj
  artifactKey: Guid(148f3c3808d920e4fb82c826fe9a34b2) Importer(815301076,1909f56bfc062723c751e8b465ee728b)
Start importing Assets/3D models/boule.obj using Guid(148f3c3808d920e4fb82c826fe9a34b2) Importer(815301076,1909f56bfc062723c751e8b465ee728b)  -> (artifact id: '521c46f00163ca0a4d03d2f5bee39bf6') in 0.032801 seconds 
  Import took 0.035682 seconds .

========================================================================
Received Import Request.
  Time since last request: 0.000266 seconds.
  path: Assets/3D models/knife.obj
  artifactKey: Guid(3ee431f3a178416469e098520ecb7f96) Importer(815301076,1909f56bfc062723c751e8b465ee728b)
Start importing Assets/3D models/knife.obj using Guid(3ee431f3a178416469e098520ecb7f96) Importer(815301076,1909f56bfc062723c751e8b465ee728b)  -> (artifact id: 'd5eeb2b5f1c933d8d09d2cbe6bc23bc5') in 0.037721 seconds 
  Import took 0.040337 seconds .

========================================================================
Received Import Request.
  Time since last request: 0.000239 seconds.
  path: Assets/3D models/CuttingBoard.obj
  artifactKey: Guid(5f11c638bf4cf064aa43d74bc2dcdf02) Importer(815301076,1909f56bfc062723c751e8b465ee728b)
Start importing Assets/3D models/CuttingBoard.obj using Guid(5f11c638bf4cf064aa43d74bc2dcdf02) Importer(815301076,1909f56bfc062723c751e8b465ee728b)  -> (artifact id: 'c007bf5543cc63d95c9a9b68f1e24fe0') in 0.031403 seconds 
  Import took 0.033973 seconds .

AssetImportWorkerClient::OnTransportError - code=2 error=End of file
