Using pre-set license
Built from '2020.3/staging' branch; Version is '2020.3.16f1 (049d6eca3c44) revision 302446'; Using compiler version '192528614'; Build Type 'Release'
OS: 'Windows 10 Enterprise; OS build 19044.2251; Version 2009; 64bit' Language: 'en' Physical Memory: 32528 MB
BatchMode: 1, IsHumanControllingUs: 0, StartBugReporterOnCrash: 0, Is64bit: 1, IsPro: 0

 COMMAND LINE ARGUMENTS:
C:\Program Files\Unity\Hub\Editor\2020.3.16f1\Editor\Unity.exe
-adb2
-batchMode
-noUpm
-name
AssetImportWorker0
-projectPath
C:/Users/snguyen31/GitHub/VR2_EdApp/Vr Education Game
-logFile
Logs/AssetImportWorker0.log
-srvPort
50716
Successfully changed project path to: C:/Users/snguyen31/GitHub/VR2_EdApp/Vr Education Game
C:/Users/snguyen31/GitHub/VR2_EdApp/Vr Education Game
Using Asset Import Pipeline V2.
Refreshing native plugins compatible for Editor in 47.08 ms, found 2 plugins.
Preloading 0 native plugins for Editor in 0.00 ms.
Initialize engine version: 2020.3.16f1 (049d6eca3c44)
[Subsystems] Discovering subsystems at path C:/Program Files/Unity/Hub/Editor/2020.3.16f1/Editor/Data/Resources/UnitySubsystems
[Subsystems] Discovering subsystems at path C:/Users/snguyen31/GitHub/VR2_EdApp/Vr Education Game/Assets
GfxDevice: creating device client; threaded=0
Direct3D:
    Version:  Direct3D 11.0 [level 11.1]
    Renderer: NVIDIA Quadro P5200 (ID=0x1bb5)
    Vendor:   
    VRAM:     16255 MB
    Driver:   30.0.15.1363
Initialize mono
Mono path[0] = 'C:/Program Files/Unity/Hub/Editor/2020.3.16f1/Editor/Data/Managed'
Mono path[1] = 'C:/Program Files/Unity/Hub/Editor/2020.3.16f1/Editor/Data/MonoBleedingEdge/lib/mono/unityjit'
Mono config path = 'C:/Program Files/Unity/Hub/Editor/2020.3.16f1/Editor/Data/MonoBleedingEdge/etc'
Using monoOptions --debugger-agent=transport=dt_socket,embedding=1,server=y,suspend=n,address=127.0.0.1:56780
Begin MonoManager ReloadAssembly
Registering precompiled unity dll's ...
Register platform support module: C:/Program Files/Unity/Hub/Editor/2020.3.16f1/Editor/Data/PlaybackEngines/WebGLSupport/UnityEditor.WebGL.Extensions.dll
Register platform support module: C:/Program Files/Unity/Hub/Editor/2020.3.16f1/Editor/Data/PlaybackEngines/WindowsStandaloneSupport/UnityEditor.WindowsStandalone.Extensions.dll
Registered in 0.002984 seconds.
Native extension for WindowsStandalone target not found
Native extension for WebGL target not found
Refreshing native plugins compatible for Editor in 38.27 ms, found 2 plugins.
Preloading 0 native plugins for Editor in 0.00 ms.
Mono: successfully reloaded assembly
- Completed reload, in  1.195 seconds
Domain Reload Profiling:
	ReloadAssembly (1195ms)
		BeginReloadAssembly (61ms)
			ExecutionOrderSort (0ms)
			DisableScriptedObjects (0ms)
			BackupInstance (0ms)
			ReleaseScriptingObjects (0ms)
			CreateAndSetChildDomain (1ms)
		EndReloadAssembly (413ms)
			LoadAssemblies (58ms)
			RebuildTransferFunctionScriptingTraits (0ms)
			SetupTypeCache (151ms)
			ReleaseScriptCaches (0ms)
			RebuildScriptCaches (31ms)
			SetupLoadedEditorAssemblies (167ms)
				LogAssemblyErrors (0ms)
				InitializePlatformSupportModulesInManaged (5ms)
				SetLoadedEditorAssemblies (0ms)
				RefreshPlugins (38ms)
				BeforeProcessingInitializeOnLoad (15ms)
				ProcessInitializeOnLoadAttributes (82ms)
				ProcessInitializeOnLoadMethodAttributes (27ms)
				AfterProcessingInitializeOnLoad (0ms)
				EditorAssembliesLoaded (0ms)
			ExecutionOrderSort2 (0ms)
			AwakeInstancesAfterBackupRestoration (0ms)
Platform modules already initialized, skipping
Registering precompiled user dll's ...
Registered in 0.004678 seconds.
Begin MonoManager ReloadAssembly
Symbol file data-0000020F70102000 doesn't match image C:\Users\snguyen31\GitHub\VR2_EdApp\Vr Education Game\Library\ScriptAssemblies\Unity.ProBuilder.KdTree.dll
Symbol file LoadedFromMemory is not a mono symbol file
Symbol file data-0000020F700F7040 doesn't match image C:\Users\snguyen31\GitHub\VR2_EdApp\Vr Education Game\Library\ScriptAssemblies\Unity.VSCode.Editor.dll
Symbol file LoadedFromMemory is not a mono symbol file
Symbol file data-0000020F700F7040 doesn't match image C:\Users\snguyen31\GitHub\VR2_EdApp\Vr Education Game\Library\ScriptAssemblies\Unity.ProBuilder.AssetIdRemapUtility.dll
Symbol file LoadedFromMemory is not a mono symbol file
Symbol file data-0000020F6BD83CE0 doesn't match image C:\Users\snguyen31\GitHub\VR2_EdApp\Vr Education Game\Library\ScriptAssemblies\Unity.ProBuilder.Stl.dll
Symbol file LoadedFromMemory is not a mono symbol file
Symbol file data-0000020F6B926DB0 doesn't match image C:\Users\snguyen31\GitHub\VR2_EdApp\Vr Education Game\Library\ScriptAssemblies\Unity.TextMeshPro.Editor.dll
Symbol file LoadedFromMemory is not a mono symbol file
Symbol file data-0000020F6B90D820 doesn't match image C:\Users\snguyen31\GitHub\VR2_EdApp\Vr Education Game\Library\ScriptAssemblies\Unity.VisualStudio.Editor.dll
Symbol file LoadedFromMemory is not a mono symbol file
Symbol file data-0000020F702F2730 doesn't match image C:\Users\snguyen31\GitHub\VR2_EdApp\Vr Education Game\Library\ScriptAssemblies\Unity.ProBuilder.AddOns.Editor.dll
Symbol file LoadedFromMemory is not a mono symbol file
Symbol file data-0000020F71021230 doesn't match image C:\Users\snguyen31\GitHub\VR2_EdApp\Vr Education Game\Library\ScriptAssemblies\Unity.Settings.Editor.dll
Symbol file LoadedFromMemory is not a mono symbol file
Symbol file data-0000020F71947620 doesn't match image C:\Users\snguyen31\GitHub\VR2_EdApp\Vr Education Game\Library\ScriptAssemblies\UnityEngine.TestRunner.dll
Symbol file LoadedFromMemory is not a mono symbol file
Symbol file data-0000020F70060080 doesn't match image C:\Users\snguyen31\GitHub\VR2_EdApp\Vr Education Game\Library\ScriptAssemblies\Unity.Timeline.Editor.dll
Symbol file LoadedFromMemory is not a mono symbol file
Symbol file data-0000020F6B926DB0 doesn't match image C:\Users\snguyen31\GitHub\VR2_EdApp\Vr Education Game\Library\ScriptAssemblies\Unity.Timeline.dll
Symbol file LoadedFromMemory is not a mono symbol file
Symbol file data-0000020F70060080 doesn't match image C:\Users\snguyen31\GitHub\VR2_EdApp\Vr Education Game\Library\ScriptAssemblies\Unity.TextMeshPro.dll
Symbol file LoadedFromMemory is not a mono symbol file
Symbol file data-0000020F6B926DB0 doesn't match image C:\Users\snguyen31\GitHub\VR2_EdApp\Vr Education Game\Library\ScriptAssemblies\Unity.CollabProxy.Editor.dll
Symbol file LoadedFromMemory is not a mono symbol file
Symbol file data-0000020F6C3D3A50 doesn't match image C:\Users\snguyen31\GitHub\VR2_EdApp\Vr Education Game\Library\ScriptAssemblies\Unity.ProBuilder.Csg.dll
Symbol file LoadedFromMemory is not a mono symbol file
Symbol file data-0000020F703DC230 doesn't match image C:\Users\snguyen31\GitHub\VR2_EdApp\Vr Education Game\Library\ScriptAssemblies\UnityEditor.TestRunner.dll
Symbol file LoadedFromMemory is not a mono symbol file
Symbol file data-0000020F706A2020 doesn't match image C:\Users\snguyen31\GitHub\VR2_EdApp\Vr Education Game\Library\ScriptAssemblies\Unity.ProBuilder.dll
Symbol file LoadedFromMemory is not a mono symbol file
Symbol file data-0000020F706A2020 doesn't match image C:\Users\snguyen31\GitHub\VR2_EdApp\Vr Education Game\Library\ScriptAssemblies\Unity.ProBuilder.Editor.dll
Symbol file LoadedFromMemory is not a mono symbol file
Symbol file data-0000020F6B90D820 doesn't match image C:\Users\snguyen31\GitHub\VR2_EdApp\Vr Education Game\Library\ScriptAssemblies\UnityEditor.UI.dll
Symbol file LoadedFromMemory is not a mono symbol file
Symbol file data-0000020F706A2020 doesn't match image C:\Users\snguyen31\GitHub\VR2_EdApp\Vr Education Game\Library\ScriptAssemblies\Unity.PlasticSCM.Editor.dll
Symbol file LoadedFromMemory is not a mono symbol file
Symbol file data-0000020F6B90D820 doesn't match image C:\Users\snguyen31\GitHub\VR2_EdApp\Vr Education Game\Library\ScriptAssemblies\Unity.Rider.Editor.dll
Symbol file LoadedFromMemory is not a mono symbol file
Symbol file data-0000020F70086290 doesn't match image C:\Users\snguyen31\GitHub\VR2_EdApp\Vr Education Game\Library\ScriptAssemblies\UnityEngine.UI.dll
Symbol file LoadedFromMemory is not a mono symbol file
Symbol file data-0000020F71504070 doesn't match image C:\Users\snguyen31\GitHub\VR2_EdApp\Vr Education Game\Library\ScriptAssemblies\Unity.ProBuilder.Poly2Tri.dll
Symbol file LoadedFromMemory is not a mono symbol file
Native extension for WindowsStandalone target not found
Native extension for WebGL target not found
Refreshing native plugins compatible for Editor in 0.36 ms, found 2 plugins.
Preloading 0 native plugins for Editor in 0.00 ms.
Mono: successfully reloaded assembly
- Completed reload, in  1.252 seconds
Domain Reload Profiling:
	ReloadAssembly (1253ms)
		BeginReloadAssembly (146ms)
			ExecutionOrderSort (0ms)
			DisableScriptedObjects (4ms)
			BackupInstance (0ms)
			ReleaseScriptingObjects (0ms)
			CreateAndSetChildDomain (17ms)
		EndReloadAssembly (1042ms)
			LoadAssemblies (88ms)
			RebuildTransferFunctionScriptingTraits (0ms)
			SetupTypeCache (284ms)
			ReleaseScriptCaches (0ms)
			RebuildScriptCaches (45ms)
			SetupLoadedEditorAssemblies (464ms)
				LogAssemblyErrors (0ms)
				InitializePlatformSupportModulesInManaged (6ms)
				SetLoadedEditorAssemblies (0ms)
				RefreshPlugins (0ms)
				BeforeProcessingInitializeOnLoad (92ms)
				ProcessInitializeOnLoadAttributes (354ms)
				ProcessInitializeOnLoadMethodAttributes (4ms)
				AfterProcessingInitializeOnLoad (7ms)
				EditorAssembliesLoaded (0ms)
			ExecutionOrderSort2 (0ms)
			AwakeInstancesAfterBackupRestoration (71ms)
Platform modules already initialized, skipping
========================================================================
Worker process is ready to serve import requests
Launched and connected shader compiler UnityShaderCompiler.exe after 0.04 seconds
Refreshing native plugins compatible for Editor in 0.37 ms, found 2 plugins.
Preloading 0 native plugins for Editor in 0.00 ms.
Unloading 1775 Unused Serialized files (Serialized files now loaded: 0)
System memory in use before: 83.7 MB.
System memory in use after: 83.8 MB.

Unloading 18 unused Assets to reduce memory usage. Loaded Objects now: 2212.
Total: 2.671300 ms (FindLiveObjects: 0.154300 ms CreateObjectMapping: 0.050800 ms MarkObjects: 2.381300 ms  DeleteObjects: 0.084000 ms)

AssetImportParameters requested are different than current active one (requested -> active):
  custom:framework-win-MediaFoundation: 216162199b28c13a410421893ffa2e32 -> 
  custom:video-decoder-ogg-theora: a1e56fd34408186e4bbccfd4996cb3dc -> 
  custom:container-muxer-webm: aa71ff27fc2769a1b78a27578f13a17b -> 
  custom:container-demuxer-webm: 4f35f7cbe854078d1ac9338744f61a02 -> 
  custom:container-demuxer-ogg: 62fdf1f143b41e24485cea50d1cbac27 -> 
  custom:video-encoder-webm-vp8: eb34c28f22e8b96e1ab97ce403110664 -> 
  custom:video-decoder-webm-vp8: 9c59270c3fd7afecdb556c50c9e8de78 -> 
  custom:audio-decoder-ogg-vorbis: bf7c407c2cedff20999df2af8eb42d56 -> 
  custom:audio-encoder-webm-vorbis: bf7c407c2cedff20999df2af8eb42d56 -> 
========================================================================
Received Import Request.
  path: Assets/Scripts/PlayerPickUpDrop.cs
  artifactKey: Guid(53fe24d0aa4d2f747b9a4a7c2401803d) Importer(815301076,1909f56bfc062723c751e8b465ee728b)
Start importing Assets/Scripts/PlayerPickUpDrop.cs using Guid(53fe24d0aa4d2f747b9a4a7c2401803d) Importer(815301076,1909f56bfc062723c751e8b465ee728b)  -> (artifact id: '54c4b3bf1373b222d5834838617198c6') in 0.026686 seconds 
  Import took 0.029727 seconds .

========================================================================
Received Import Request.
  Time since last request: 0.000162 seconds.
  path: Assets/Scenes
  artifactKey: Guid(8f78bd824ea40f2439673ea2f1fee8ed) Importer(815301076,1909f56bfc062723c751e8b465ee728b)
Start importing Assets/Scenes using Guid(8f78bd824ea40f2439673ea2f1fee8ed) Importer(815301076,1909f56bfc062723c751e8b465ee728b)  -> (artifact id: 'f1695f80923678998a83347b270a17ae') in 0.008748 seconds 
  Import took 0.011716 seconds .

========================================================================
Received Prepare
Registering precompiled user dll's ...
Registered in 0.004470 seconds.
Begin MonoManager ReloadAssembly
Symbol file data-0000020F75759FC0 doesn't match image C:\Users\snguyen31\GitHub\VR2_EdApp\Vr Education Game\Library\ScriptAssemblies\Unity.ProBuilder.KdTree.dll
Symbol file LoadedFromMemory is not a mono symbol file
Symbol file data-0000020F753AA570 doesn't match image C:\Users\snguyen31\GitHub\VR2_EdApp\Vr Education Game\Library\ScriptAssemblies\Unity.VSCode.Editor.dll
Symbol file LoadedFromMemory is not a mono symbol file
Symbol file data-0000020F6C3A9830 doesn't match image C:\Users\snguyen31\GitHub\VR2_EdApp\Vr Education Game\Library\ScriptAssemblies\Unity.ProBuilder.AssetIdRemapUtility.dll
Symbol file LoadedFromMemory is not a mono symbol file
Symbol file data-0000020F6C02D020 doesn't match image C:\Users\snguyen31\GitHub\VR2_EdApp\Vr Education Game\Library\ScriptAssemblies\Unity.ProBuilder.Stl.dll
Symbol file LoadedFromMemory is not a mono symbol file
Symbol file data-0000020F7196C010 doesn't match image C:\Users\snguyen31\GitHub\VR2_EdApp\Vr Education Game\Library\ScriptAssemblies\Unity.TextMeshPro.Editor.dll
Symbol file LoadedFromMemory is not a mono symbol file
Symbol file data-0000020F71C19020 doesn't match image C:\Users\snguyen31\GitHub\VR2_EdApp\Vr Education Game\Library\ScriptAssemblies\Unity.VisualStudio.Editor.dll
Symbol file LoadedFromMemory is not a mono symbol file
Symbol file data-0000020F73BD9920 doesn't match image C:\Users\snguyen31\GitHub\VR2_EdApp\Vr Education Game\Library\ScriptAssemblies\Unity.ProBuilder.AddOns.Editor.dll
Symbol file LoadedFromMemory is not a mono symbol file
Symbol file data-0000020F7023A8A0 doesn't match image C:\Users\snguyen31\GitHub\VR2_EdApp\Vr Education Game\Library\ScriptAssemblies\Unity.Settings.Editor.dll
Symbol file LoadedFromMemory is not a mono symbol file
Symbol file data-0000020F70A3B010 doesn't match image C:\Users\snguyen31\GitHub\VR2_EdApp\Vr Education Game\Library\ScriptAssemblies\UnityEngine.TestRunner.dll
Symbol file LoadedFromMemory is not a mono symbol file
Symbol file data-0000020F706F6020 doesn't match image C:\Users\snguyen31\GitHub\VR2_EdApp\Vr Education Game\Library\ScriptAssemblies\Unity.Timeline.Editor.dll
Symbol file LoadedFromMemory is not a mono symbol file
Symbol file data-0000020F6C02E590 doesn't match image C:\Users\snguyen31\GitHub\VR2_EdApp\Vr Education Game\Library\ScriptAssemblies\Unity.Timeline.dll
Symbol file LoadedFromMemory is not a mono symbol file
Symbol file data-0000020F714CC030 doesn't match image C:\Users\snguyen31\GitHub\VR2_EdApp\Vr Education Game\Library\ScriptAssemblies\Unity.TextMeshPro.dll
Symbol file LoadedFromMemory is not a mono symbol file
Symbol file data-0000020F70A3B010 doesn't match image C:\Users\snguyen31\GitHub\VR2_EdApp\Vr Education Game\Library\ScriptAssemblies\Unity.CollabProxy.Editor.dll
Symbol file LoadedFromMemory is not a mono symbol file
Symbol file data-0000020F714F2240 doesn't match image C:\Users\snguyen31\GitHub\VR2_EdApp\Vr Education Game\Library\ScriptAssemblies\Unity.ProBuilder.Csg.dll
Symbol file LoadedFromMemory is not a mono symbol file
Symbol file data-0000020F6C0179B0 doesn't match image C:\Users\snguyen31\GitHub\VR2_EdApp\Vr Education Game\Library\ScriptAssemblies\UnityEditor.TestRunner.dll
Symbol file LoadedFromMemory is not a mono symbol file
Symbol file data-0000020F700D4010 doesn't match image C:\Users\snguyen31\GitHub\VR2_EdApp\Vr Education Game\Library\ScriptAssemblies\Unity.ProBuilder.dll
Symbol file LoadedFromMemory is not a mono symbol file
Symbol file data-0000020F70115010 doesn't match image C:\Users\snguyen31\GitHub\VR2_EdApp\Vr Education Game\Library\ScriptAssemblies\Unity.ProBuilder.Editor.dll
Symbol file LoadedFromMemory is not a mono symbol file
Symbol file data-0000020F71C19020 doesn't match image C:\Users\snguyen31\GitHub\VR2_EdApp\Vr Education Game\Library\ScriptAssemblies\UnityEditor.UI.dll
Symbol file LoadedFromMemory is not a mono symbol file
Symbol file data-0000020F70D8E440 doesn't match image C:\Users\snguyen31\GitHub\VR2_EdApp\Vr Education Game\Library\ScriptAssemblies\Unity.PlasticSCM.Editor.dll
Symbol file LoadedFromMemory is not a mono symbol file
Symbol file data-0000020F718D8010 doesn't match image C:\Users\snguyen31\GitHub\VR2_EdApp\Vr Education Game\Library\ScriptAssemblies\Unity.Rider.Editor.dll
Symbol file LoadedFromMemory is not a mono symbol file
Symbol file data-0000020F6B914410 doesn't match image C:\Users\snguyen31\GitHub\VR2_EdApp\Vr Education Game\Library\ScriptAssemblies\UnityEngine.UI.dll
Symbol file LoadedFromMemory is not a mono symbol file
Symbol file data-0000020F6C4107B0 doesn't match image C:\Users\snguyen31\GitHub\VR2_EdApp\Vr Education Game\Library\ScriptAssemblies\Unity.ProBuilder.Poly2Tri.dll
Symbol file LoadedFromMemory is not a mono symbol file
Native extension for WindowsStandalone target not found
Native extension for WebGL target not found
Refreshing native plugins compatible for Editor in 0.51 ms, found 2 plugins.
Preloading 0 native plugins for Editor in 0.00 ms.
Mono: successfully reloaded assembly
- Completed reload, in  1.368 seconds
Domain Reload Profiling:
	ReloadAssembly (1368ms)
		BeginReloadAssembly (153ms)
			ExecutionOrderSort (0ms)
			DisableScriptedObjects (5ms)
			BackupInstance (0ms)
			ReleaseScriptingObjects (0ms)
			CreateAndSetChildDomain (43ms)
		EndReloadAssembly (1121ms)
			LoadAssemblies (123ms)
			RebuildTransferFunctionScriptingTraits (0ms)
			SetupTypeCache (377ms)
			ReleaseScriptCaches (1ms)
			RebuildScriptCaches (44ms)
			SetupLoadedEditorAssemblies (399ms)
				LogAssemblyErrors (0ms)
				InitializePlatformSupportModulesInManaged (7ms)
				SetLoadedEditorAssemblies (1ms)
				RefreshPlugins (1ms)
				BeforeProcessingInitializeOnLoad (85ms)
				ProcessInitializeOnLoadAttributes (292ms)
				ProcessInitializeOnLoadMethodAttributes (3ms)
				AfterProcessingInitializeOnLoad (10ms)
				EditorAssembliesLoaded (0ms)
			ExecutionOrderSort2 (0ms)
			AwakeInstancesAfterBackupRestoration (7ms)
Platform modules already initialized, skipping
Refreshing native plugins compatible for Editor in 0.39 ms, found 2 plugins.
Preloading 0 native plugins for Editor in 0.00 ms.
Unloading 1732 Unused Serialized files (Serialized files now loaded: 0)
System memory in use before: 79.9 MB.
System memory in use after: 80.0 MB.

Unloading 14 unused Assets to reduce memory usage. Loaded Objects now: 2213.
Total: 2.883300 ms (FindLiveObjects: 0.167300 ms CreateObjectMapping: 0.056000 ms MarkObjects: 2.623900 ms  DeleteObjects: 0.035200 ms)

AssetImportParameters requested are different than current active one (requested -> active):
  custom:framework-win-MediaFoundation: 216162199b28c13a410421893ffa2e32 -> 
  custom:video-decoder-ogg-theora: a1e56fd34408186e4bbccfd4996cb3dc -> 
  custom:container-muxer-webm: aa71ff27fc2769a1b78a27578f13a17b -> 
  custom:container-demuxer-webm: 4f35f7cbe854078d1ac9338744f61a02 -> 
  custom:container-demuxer-ogg: 62fdf1f143b41e24485cea50d1cbac27 -> 
  custom:video-encoder-webm-vp8: eb34c28f22e8b96e1ab97ce403110664 -> 
  custom:video-decoder-webm-vp8: 9c59270c3fd7afecdb556c50c9e8de78 -> 
  custom:audio-decoder-ogg-vorbis: bf7c407c2cedff20999df2af8eb42d56 -> 
  custom:audio-encoder-webm-vorbis: bf7c407c2cedff20999df2af8eb42d56 -> 
========================================================================
Received Import Request.
  Time since last request: 25.603448 seconds.
  path: Assets/Scripts
  artifactKey: Guid(153bdb0cdd0a2b942a22a07117b91ae0) Importer(815301076,1909f56bfc062723c751e8b465ee728b)
Start importing Assets/Scripts using Guid(153bdb0cdd0a2b942a22a07117b91ae0) Importer(815301076,1909f56bfc062723c751e8b465ee728b)  -> (artifact id: '35a50dc573572aa33028d1b2860d4243') in 0.004393 seconds 
  Import took 0.006848 seconds .

========================================================================
Received Import Request.
  Time since last request: 6.414728 seconds.
  path: Assets/Scripts/PickUpDrop.cs
  artifactKey: Guid(4c733e577f852cb40b5bc6e599e9b929) Importer(815301076,1909f56bfc062723c751e8b465ee728b)
Start importing Assets/Scripts/PickUpDrop.cs using Guid(4c733e577f852cb40b5bc6e599e9b929) Importer(815301076,1909f56bfc062723c751e8b465ee728b)  -> (artifact id: 'de43be40c5b309c92a1ab107ded12adb') in 0.008476 seconds 
  Import took 0.012917 seconds .

========================================================================
Received Prepare
Registering precompiled user dll's ...
Registered in 0.004611 seconds.
Begin MonoManager ReloadAssembly
Symbol file data-0000020F70CDC030 doesn't match image C:\Users\snguyen31\GitHub\VR2_EdApp\Vr Education Game\Library\ScriptAssemblies\Unity.ProBuilder.KdTree.dll
Symbol file LoadedFromMemory is not a mono symbol file
Symbol file data-0000020DE43695F0 doesn't match image C:\Users\snguyen31\GitHub\VR2_EdApp\Vr Education Game\Library\ScriptAssemblies\Unity.VSCode.Editor.dll
Symbol file LoadedFromMemory is not a mono symbol file
Symbol file data-0000020DE43695F0 doesn't match image C:\Users\snguyen31\GitHub\VR2_EdApp\Vr Education Game\Library\ScriptAssemblies\Unity.ProBuilder.AssetIdRemapUtility.dll
Symbol file LoadedFromMemory is not a mono symbol file
Symbol file data-0000020F6BA3EE00 doesn't match image C:\Users\snguyen31\GitHub\VR2_EdApp\Vr Education Game\Library\ScriptAssemblies\Unity.ProBuilder.Stl.dll
Symbol file LoadedFromMemory is not a mono symbol file
Symbol file data-0000020F70802010 doesn't match image C:\Users\snguyen31\GitHub\VR2_EdApp\Vr Education Game\Library\ScriptAssemblies\Unity.TextMeshPro.Editor.dll
Symbol file LoadedFromMemory is not a mono symbol file
Symbol file data-0000020F71CF4260 doesn't match image C:\Users\snguyen31\GitHub\VR2_EdApp\Vr Education Game\Library\ScriptAssemblies\Unity.VisualStudio.Editor.dll
Symbol file LoadedFromMemory is not a mono symbol file
Symbol file data-0000020F7193EDB0 doesn't match image C:\Users\snguyen31\GitHub\VR2_EdApp\Vr Education Game\Library\ScriptAssemblies\Unity.ProBuilder.AddOns.Editor.dll
Symbol file LoadedFromMemory is not a mono symbol file
Symbol file data-0000020F75E0EA90 doesn't match image C:\Users\snguyen31\GitHub\VR2_EdApp\Vr Education Game\Library\ScriptAssemblies\Unity.Settings.Editor.dll
Symbol file LoadedFromMemory is not a mono symbol file
Symbol file data-0000020F73EBB360 doesn't match image C:\Users\snguyen31\GitHub\VR2_EdApp\Vr Education Game\Library\ScriptAssemblies\UnityEngine.TestRunner.dll
Symbol file LoadedFromMemory is not a mono symbol file
Symbol file data-0000020F72149460 doesn't match image C:\Users\snguyen31\GitHub\VR2_EdApp\Vr Education Game\Library\ScriptAssemblies\Unity.Timeline.Editor.dll
Symbol file LoadedFromMemory is not a mono symbol file
Symbol file data-0000020F70802010 doesn't match image C:\Users\snguyen31\GitHub\VR2_EdApp\Vr Education Game\Library\ScriptAssemblies\Unity.Timeline.dll
Symbol file LoadedFromMemory is not a mono symbol file
Symbol file data-0000020F73B9D010 doesn't match image C:\Users\snguyen31\GitHub\VR2_EdApp\Vr Education Game\Library\ScriptAssemblies\Unity.TextMeshPro.dll
Symbol file LoadedFromMemory is not a mono symbol file
Symbol file data-0000020F73EA7010 doesn't match image C:\Users\snguyen31\GitHub\VR2_EdApp\Vr Education Game\Library\ScriptAssemblies\Unity.CollabProxy.Editor.dll
Symbol file LoadedFromMemory is not a mono symbol file
Symbol file data-0000020F70CDC030 doesn't match image C:\Users\snguyen31\GitHub\VR2_EdApp\Vr Education Game\Library\ScriptAssemblies\Unity.ProBuilder.Csg.dll
Symbol file LoadedFromMemory is not a mono symbol file
Symbol file data-0000020F71FA7020 doesn't match image C:\Users\snguyen31\GitHub\VR2_EdApp\Vr Education Game\Library\ScriptAssemblies\UnityEditor.TestRunner.dll
Symbol file LoadedFromMemory is not a mono symbol file
Symbol file data-0000020F70072010 doesn't match image C:\Users\snguyen31\GitHub\VR2_EdApp\Vr Education Game\Library\ScriptAssemblies\Unity.ProBuilder.dll
Symbol file LoadedFromMemory is not a mono symbol file
Symbol file data-0000020F73B9D010 doesn't match image C:\Users\snguyen31\GitHub\VR2_EdApp\Vr Education Game\Library\ScriptAssemblies\Unity.ProBuilder.Editor.dll
Symbol file LoadedFromMemory is not a mono symbol file
Symbol file data-0000020F71CF4260 doesn't match image C:\Users\snguyen31\GitHub\VR2_EdApp\Vr Education Game\Library\ScriptAssemblies\UnityEditor.UI.dll
Symbol file LoadedFromMemory is not a mono symbol file
Symbol file data-0000020F70D6E430 doesn't match image C:\Users\snguyen31\GitHub\VR2_EdApp\Vr Education Game\Library\ScriptAssemblies\Unity.PlasticSCM.Editor.dll
Symbol file LoadedFromMemory is not a mono symbol file
Symbol file data-0000020F70261010 doesn't match image C:\Users\snguyen31\GitHub\VR2_EdApp\Vr Education Game\Library\ScriptAssemblies\Unity.Rider.Editor.dll
Symbol file LoadedFromMemory is not a mono symbol file
Symbol file data-0000020F75D00030 doesn't match image C:\Users\snguyen31\GitHub\VR2_EdApp\Vr Education Game\Library\ScriptAssemblies\UnityEngine.UI.dll
Symbol file LoadedFromMemory is not a mono symbol file
Symbol file data-0000020F6C4107B0 doesn't match image C:\Users\snguyen31\GitHub\VR2_EdApp\Vr Education Game\Library\ScriptAssemblies\Unity.ProBuilder.Poly2Tri.dll
Symbol file LoadedFromMemory is not a mono symbol file
Native extension for WindowsStandalone target not found
Native extension for WebGL target not found
Refreshing native plugins compatible for Editor in 0.47 ms, found 2 plugins.
Preloading 0 native plugins for Editor in 0.00 ms.
Mono: successfully reloaded assembly
- Completed reload, in  1.233 seconds
Domain Reload Profiling:
	ReloadAssembly (1234ms)
		BeginReloadAssembly (136ms)
			ExecutionOrderSort (0ms)
			DisableScriptedObjects (4ms)
			BackupInstance (0ms)
			ReleaseScriptingObjects (0ms)
			CreateAndSetChildDomain (33ms)
		EndReloadAssembly (1006ms)
			LoadAssemblies (105ms)
			RebuildTransferFunctionScriptingTraits (0ms)
			SetupTypeCache (314ms)
			ReleaseScriptCaches (1ms)
			RebuildScriptCaches (44ms)
			SetupLoadedEditorAssemblies (442ms)
				LogAssemblyErrors (0ms)
				InitializePlatformSupportModulesInManaged (6ms)
				SetLoadedEditorAssemblies (0ms)
				RefreshPlugins (1ms)
				BeforeProcessingInitializeOnLoad (74ms)
				ProcessInitializeOnLoadAttributes (349ms)
				ProcessInitializeOnLoadMethodAttributes (3ms)
				AfterProcessingInitializeOnLoad (9ms)
				EditorAssembliesLoaded (0ms)
			ExecutionOrderSort2 (0ms)
			AwakeInstancesAfterBackupRestoration (6ms)
Platform modules already initialized, skipping
Refreshing native plugins compatible for Editor in 0.41 ms, found 2 plugins.
Preloading 0 native plugins for Editor in 0.00 ms.
Unloading 1733 Unused Serialized files (Serialized files now loaded: 0)
System memory in use before: 80.0 MB.
System memory in use after: 80.1 MB.

Unloading 13 unused Assets to reduce memory usage. Loaded Objects now: 2216.
Total: 2.799400 ms (FindLiveObjects: 0.166100 ms CreateObjectMapping: 0.056100 ms MarkObjects: 2.554800 ms  DeleteObjects: 0.021500 ms)

AssetImportParameters requested are different than current active one (requested -> active):
  custom:framework-win-MediaFoundation: 216162199b28c13a410421893ffa2e32 -> 
  custom:video-decoder-ogg-theora: a1e56fd34408186e4bbccfd4996cb3dc -> 
  custom:container-muxer-webm: aa71ff27fc2769a1b78a27578f13a17b -> 
  custom:container-demuxer-webm: 4f35f7cbe854078d1ac9338744f61a02 -> 
  custom:container-demuxer-ogg: 62fdf1f143b41e24485cea50d1cbac27 -> 
  custom:video-encoder-webm-vp8: eb34c28f22e8b96e1ab97ce403110664 -> 
  custom:video-decoder-webm-vp8: 9c59270c3fd7afecdb556c50c9e8de78 -> 
  custom:audio-decoder-ogg-vorbis: bf7c407c2cedff20999df2af8eb42d56 -> 
  custom:audio-encoder-webm-vorbis: bf7c407c2cedff20999df2af8eb42d56 -> 
========================================================================
Received Prepare
Registering precompiled user dll's ...
Registered in 0.007022 seconds.
Begin MonoManager ReloadAssembly
Symbol file data-0000020F76611020 doesn't match image C:\Users\snguyen31\GitHub\VR2_EdApp\Vr Education Game\Library\ScriptAssemblies\Unity.ProBuilder.KdTree.dll
Symbol file LoadedFromMemory is not a mono symbol file
Symbol file data-0000020F97142570 doesn't match image C:\Users\snguyen31\GitHub\VR2_EdApp\Vr Education Game\Library\ScriptAssemblies\Unity.VSCode.Editor.dll
Symbol file LoadedFromMemory is not a mono symbol file
Symbol file data-0000020F6B9E9BF0 doesn't match image C:\Users\snguyen31\GitHub\VR2_EdApp\Vr Education Game\Library\ScriptAssemblies\Unity.ProBuilder.AssetIdRemapUtility.dll
Symbol file LoadedFromMemory is not a mono symbol file
Symbol file data-0000020F97C5C830 doesn't match image C:\Users\snguyen31\GitHub\VR2_EdApp\Vr Education Game\Library\ScriptAssemblies\Unity.ProBuilder.Stl.dll
Symbol file LoadedFromMemory is not a mono symbol file
Symbol file data-0000020F96F63070 doesn't match image C:\Users\snguyen31\GitHub\VR2_EdApp\Vr Education Game\Library\ScriptAssemblies\Unity.TextMeshPro.Editor.dll
Symbol file LoadedFromMemory is not a mono symbol file
Symbol file data-0000020F71CF4260 doesn't match image C:\Users\snguyen31\GitHub\VR2_EdApp\Vr Education Game\Library\ScriptAssemblies\Unity.VisualStudio.Editor.dll
Symbol file LoadedFromMemory is not a mono symbol file
Symbol file data-0000020F97C3E5B0 doesn't match image C:\Users\snguyen31\GitHub\VR2_EdApp\Vr Education Game\Library\ScriptAssemblies\Unity.ProBuilder.AddOns.Editor.dll
Symbol file LoadedFromMemory is not a mono symbol file
Symbol file data-0000020F97F30CC0 doesn't match image C:\Users\snguyen31\GitHub\VR2_EdApp\Vr Education Game\Library\ScriptAssemblies\Unity.Settings.Editor.dll
Symbol file LoadedFromMemory is not a mono symbol file
Symbol file data-0000020F73EC6C80 doesn't match image C:\Users\snguyen31\GitHub\VR2_EdApp\Vr Education Game\Library\ScriptAssemblies\UnityEngine.TestRunner.dll
Symbol file LoadedFromMemory is not a mono symbol file
Symbol file data-0000020F721EAEE0 doesn't match image C:\Users\snguyen31\GitHub\VR2_EdApp\Vr Education Game\Library\ScriptAssemblies\Unity.Timeline.Editor.dll
Symbol file LoadedFromMemory is not a mono symbol file
Symbol file data-0000020F96F63070 doesn't match image C:\Users\snguyen31\GitHub\VR2_EdApp\Vr Education Game\Library\ScriptAssemblies\Unity.Timeline.dll
Symbol file LoadedFromMemory is not a mono symbol file
Symbol file data-0000020F737AD010 doesn't match image C:\Users\snguyen31\GitHub\VR2_EdApp\Vr Education Game\Library\ScriptAssemblies\Unity.TextMeshPro.dll
Symbol file LoadedFromMemory is not a mono symbol file
Symbol file data-0000020F73EC6C80 doesn't match image C:\Users\snguyen31\GitHub\VR2_EdApp\Vr Education Game\Library\ScriptAssemblies\Unity.CollabProxy.Editor.dll
Symbol file LoadedFromMemory is not a mono symbol file
Symbol file data-0000020F76611020 doesn't match image C:\Users\snguyen31\GitHub\VR2_EdApp\Vr Education Game\Library\ScriptAssemblies\Unity.ProBuilder.Csg.dll
Symbol file LoadedFromMemory is not a mono symbol file
Symbol file data-0000020F70DB0010 doesn't match image C:\Users\snguyen31\GitHub\VR2_EdApp\Vr Education Game\Library\ScriptAssemblies\UnityEditor.TestRunner.dll
Symbol file LoadedFromMemory is not a mono symbol file
Symbol file data-0000020F71FCB010 doesn't match image C:\Users\snguyen31\GitHub\VR2_EdApp\Vr Education Game\Library\ScriptAssemblies\Unity.ProBuilder.dll
Symbol file LoadedFromMemory is not a mono symbol file
Symbol file data-0000020F737AD010 doesn't match image C:\Users\snguyen31\GitHub\VR2_EdApp\Vr Education Game\Library\ScriptAssemblies\Unity.ProBuilder.Editor.dll
Symbol file LoadedFromMemory is not a mono symbol file
Symbol file data-0000020F71CF4260 doesn't match image C:\Users\snguyen31\GitHub\VR2_EdApp\Vr Education Game\Library\ScriptAssemblies\UnityEditor.UI.dll
Symbol file LoadedFromMemory is not a mono symbol file
Symbol file data-0000020F70D6E430 doesn't match image C:\Users\snguyen31\GitHub\VR2_EdApp\Vr Education Game\Library\ScriptAssemblies\Unity.PlasticSCM.Editor.dll
Symbol file LoadedFromMemory is not a mono symbol file
Symbol file data-0000020DE4343080 doesn't match image C:\Users\snguyen31\GitHub\VR2_EdApp\Vr Education Game\Library\ScriptAssemblies\Unity.Rider.Editor.dll
Symbol file LoadedFromMemory is not a mono symbol file
Symbol file data-0000020F96F37020 doesn't match image C:\Users\snguyen31\GitHub\VR2_EdApp\Vr Education Game\Library\ScriptAssemblies\UnityEngine.UI.dll
Symbol file LoadedFromMemory is not a mono symbol file
Symbol file data-0000020F740A7010 doesn't match image C:\Users\snguyen31\GitHub\VR2_EdApp\Vr Education Game\Library\ScriptAssemblies\Unity.ProBuilder.Poly2Tri.dll
Symbol file LoadedFromMemory is not a mono symbol file
Native extension for WindowsStandalone target not found
Native extension for WebGL target not found
Refreshing native plugins compatible for Editor in 0.36 ms, found 2 plugins.
Preloading 0 native plugins for Editor in 0.00 ms.
Mono: successfully reloaded assembly
- Completed reload, in  1.123 seconds
Domain Reload Profiling:
	ReloadAssembly (1124ms)
		BeginReloadAssembly (132ms)
			ExecutionOrderSort (0ms)
			DisableScriptedObjects (6ms)
			BackupInstance (0ms)
			ReleaseScriptingObjects (0ms)
			CreateAndSetChildDomain (34ms)
		EndReloadAssembly (925ms)
			LoadAssemblies (99ms)
			RebuildTransferFunctionScriptingTraits (0ms)
			SetupTypeCache (299ms)
			ReleaseScriptCaches (1ms)
			RebuildScriptCaches (37ms)
			SetupLoadedEditorAssemblies (410ms)
				LogAssemblyErrors (0ms)
				InitializePlatformSupportModulesInManaged (6ms)
				SetLoadedEditorAssemblies (0ms)
				RefreshPlugins (0ms)
				BeforeProcessingInitializeOnLoad (83ms)
				ProcessInitializeOnLoadAttributes (310ms)
				ProcessInitializeOnLoadMethodAttributes (3ms)
				AfterProcessingInitializeOnLoad (7ms)
				EditorAssembliesLoaded (0ms)
			ExecutionOrderSort2 (0ms)
			AwakeInstancesAfterBackupRestoration (6ms)
Platform modules already initialized, skipping
Refreshing native plugins compatible for Editor in 0.48 ms, found 2 plugins.
Preloading 0 native plugins for Editor in 0.00 ms.
Unloading 1733 Unused Serialized files (Serialized files now loaded: 0)
System memory in use before: 80.0 MB.
System memory in use after: 80.1 MB.

Unloading 13 unused Assets to reduce memory usage. Loaded Objects now: 2218.
Total: 3.119000 ms (FindLiveObjects: 0.263900 ms CreateObjectMapping: 0.121800 ms MarkObjects: 2.711900 ms  DeleteObjects: 0.020000 ms)

AssetImportParameters requested are different than current active one (requested -> active):
  custom:framework-win-MediaFoundation: 216162199b28c13a410421893ffa2e32 -> 
  custom:video-decoder-ogg-theora: a1e56fd34408186e4bbccfd4996cb3dc -> 
  custom:container-muxer-webm: aa71ff27fc2769a1b78a27578f13a17b -> 
  custom:container-demuxer-webm: 4f35f7cbe854078d1ac9338744f61a02 -> 
  custom:container-demuxer-ogg: 62fdf1f143b41e24485cea50d1cbac27 -> 
  custom:video-encoder-webm-vp8: eb34c28f22e8b96e1ab97ce403110664 -> 
  custom:video-decoder-webm-vp8: 9c59270c3fd7afecdb556c50c9e8de78 -> 
  custom:audio-decoder-ogg-vorbis: bf7c407c2cedff20999df2af8eb42d56 -> 
  custom:audio-encoder-webm-vorbis: bf7c407c2cedff20999df2af8eb42d56 -> 
========================================================================
Received Import Request.
  Time since last request: 648.419926 seconds.
  path: Assets/Scripts/PickUpDrop.cs
  artifactKey: Guid(4c733e577f852cb40b5bc6e599e9b929) Importer(815301076,1909f56bfc062723c751e8b465ee728b)
Start importing Assets/Scripts/PickUpDrop.cs using Guid(4c733e577f852cb40b5bc6e599e9b929) Importer(815301076,1909f56bfc062723c751e8b465ee728b)  -> (artifact id: 'f06fe13066bc3d7fe8cce47005f926e2') in 0.005241 seconds 
  Import took 0.008392 seconds .

========================================================================
Received Import Request.
  Time since last request: 59.455660 seconds.
  path: Assets/3D models/Bottle.obj
  artifactKey: Guid(79961dc5ce2bc1f48afedc7aaef426ab) Importer(815301076,1909f56bfc062723c751e8b465ee728b)
Start importing Assets/3D models/Bottle.obj using Guid(79961dc5ce2bc1f48afedc7aaef426ab) Importer(815301076,1909f56bfc062723c751e8b465ee728b)  -> (artifact id: 'd08c4441e79cb8fbb7af3f532777fdfd') in 0.179261 seconds 
  Import took 0.183828 seconds .

========================================================================
Received Import Request.
  Time since last request: 0.000305 seconds.
  path: Assets/3D models/Stove.obj
  artifactKey: Guid(52088953bb61ea546930203aad1cfc85) Importer(815301076,1909f56bfc062723c751e8b465ee728b)
Start importing Assets/3D models/Stove.obj using Guid(52088953bb61ea546930203aad1cfc85) Importer(815301076,1909f56bfc062723c751e8b465ee728b)  -> (artifact id: 'b4ff1d53aeb5995b8406f55e2806e4ad') in 0.037259 seconds 
  Import took 0.039947 seconds .

========================================================================
Received Import Request.
  Time since last request: 0.000331 seconds.
  path: Assets/3D models/Chives.obj
  artifactKey: Guid(a0b9b6058f33420498e8d72b0e3cc7ac) Importer(815301076,1909f56bfc062723c751e8b465ee728b)
Start importing Assets/3D models/Chives.obj using Guid(a0b9b6058f33420498e8d72b0e3cc7ac) Importer(815301076,1909f56bfc062723c751e8b465ee728b)  -> (artifact id: '032be4c7c013f9b586a8e26ac522d59c') in 0.036072 seconds 
  Import took 0.040076 seconds .

========================================================================
Received Import Request.
  Time since last request: 0.000348 seconds.
  path: Assets/3D models/Cabinet.obj
  artifactKey: Guid(b3fc7cff158df014186c2c68271aea02) Importer(815301076,1909f56bfc062723c751e8b465ee728b)
Start importing Assets/3D models/Cabinet.obj using Guid(b3fc7cff158df014186c2c68271aea02) Importer(815301076,1909f56bfc062723c751e8b465ee728b)  -> (artifact id: 'df781a35039b91ad48c411ba974f0b70') in 0.038334 seconds 
  Import took 0.041249 seconds .

========================================================================
Received Import Request.
  Time since last request: 0.000295 seconds.
  path: Assets/3D models/Pan.obj
  artifactKey: Guid(db66b454eedd2d14f86c3c57b05bff6a) Importer(815301076,1909f56bfc062723c751e8b465ee728b)
Start importing Assets/3D models/Pan.obj using Guid(db66b454eedd2d14f86c3c57b05bff6a) Importer(815301076,1909f56bfc062723c751e8b465ee728b)  -> (artifact id: '12320e9f6c2a69c51f828dd8a77c65e1') in 0.033034 seconds 
  Import took 0.036356 seconds .

========================================================================
Received Import Request.
  Time since last request: 0.000234 seconds.
  path: Assets/3D models/carit.obj
  artifactKey: Guid(82622c2c2f365bc439e95987bdf9b3c7) Importer(815301076,1909f56bfc062723c751e8b465ee728b)
Start importing Assets/3D models/carit.obj using Guid(82622c2c2f365bc439e95987bdf9b3c7) Importer(815301076,1909f56bfc062723c751e8b465ee728b)  -> (artifact id: '26fef7e932c579eff11809824359e257') in 0.032408 seconds 
  Import took 0.036074 seconds .

========================================================================
Received Import Request.
  Time since last request: 0.000690 seconds.
  path: Assets/3D models/CeilingLight.fbx
  artifactKey: Guid(45f2525a3aafadc4e9a4579556a2f217) Importer(815301076,1909f56bfc062723c751e8b465ee728b)
Start importing Assets/3D models/CeilingLight.fbx using Guid(45f2525a3aafadc4e9a4579556a2f217) Importer(815301076,1909f56bfc062723c751e8b465ee728b)  -> (artifact id: '89bb84b6b90c568cf85883034d3b3296') in 0.051318 seconds 
  Import took 0.056493 seconds .

========================================================================
Received Import Request.
  Time since last request: 0.000390 seconds.
  path: Assets/3D models/boule.obj
  artifactKey: Guid(148f3c3808d920e4fb82c826fe9a34b2) Importer(815301076,1909f56bfc062723c751e8b465ee728b)
Start importing Assets/3D models/boule.obj using Guid(148f3c3808d920e4fb82c826fe9a34b2) Importer(815301076,1909f56bfc062723c751e8b465ee728b)  -> (artifact id: 'b41b0c8ffeaa10adc733581f584c23e9') in 0.041866 seconds 
  Import took 0.046254 seconds .

========================================================================
Received Import Request.
  Time since last request: 0.000232 seconds.
  path: Assets/3D models/knife.obj
  artifactKey: Guid(3ee431f3a178416469e098520ecb7f96) Importer(815301076,1909f56bfc062723c751e8b465ee728b)
Start importing Assets/3D models/knife.obj using Guid(3ee431f3a178416469e098520ecb7f96) Importer(815301076,1909f56bfc062723c751e8b465ee728b)  -> (artifact id: '68694fdc05a948db4d1493ec1d33c242') in 0.044328 seconds 
  Import took 0.048814 seconds .

========================================================================
Received Import Request.
  Time since last request: 0.000303 seconds.
  path: Assets/3D models/CuttingBoard.obj
  artifactKey: Guid(5f11c638bf4cf064aa43d74bc2dcdf02) Importer(815301076,1909f56bfc062723c751e8b465ee728b)
Start importing Assets/3D models/CuttingBoard.obj using Guid(5f11c638bf4cf064aa43d74bc2dcdf02) Importer(815301076,1909f56bfc062723c751e8b465ee728b)  -> (artifact id: '2e24a0a9c8a2893f43d13c9b9f9b58ad') in 0.035820 seconds 
  Import took 0.039650 seconds .

========================================================================
Received Import Request.
  Time since last request: 0.000277 seconds.
  path: Assets/3D models/Window.obj
  artifactKey: Guid(593227484224afe4498bcc71700c0871) Importer(815301076,1909f56bfc062723c751e8b465ee728b)
Start importing Assets/3D models/Window.obj using Guid(593227484224afe4498bcc71700c0871) Importer(815301076,1909f56bfc062723c751e8b465ee728b)  -> (artifact id: '351620b097c5d751cdc1cdc01667a1aa') in 0.029306 seconds 
  Import took 0.033109 seconds .

========================================================================
Received Import Request.
  Time since last request: 0.001210 seconds.
  path: Assets/3D models/Window.obj
  artifactKey: Guid(593227484224afe4498bcc71700c0871) Importer(815301076,1909f56bfc062723c751e8b465ee728b)
Start importing Assets/3D models/Window.obj using Guid(593227484224afe4498bcc71700c0871) Importer(815301076,1909f56bfc062723c751e8b465ee728b)  -> (artifact id: '351620b097c5d751cdc1cdc01667a1aa') in 0.028235 seconds 
  Import took 0.032764 seconds .

========================================================================
Received Import Request.
  Time since last request: 84.366390 seconds.
  path: ProjectSettings/TagManager.asset
  artifactKey: Guid(00000000000000003000000000000000) Importer(815301076,1909f56bfc062723c751e8b465ee728b)
Start importing ProjectSettings/TagManager.asset using Guid(00000000000000003000000000000000) Importer(815301076,1909f56bfc062723c751e8b465ee728b)  -> (artifact id: '95df672b4aaba54310d34c83eef51bb8') in 0.277365 seconds 
  Import took 0.280524 seconds .

========================================================================
Received Prepare
Registering precompiled user dll's ...
Registered in 0.004225 seconds.
Begin MonoManager ReloadAssembly
Symbol file data-0000020F7013F040 doesn't match image C:\Users\snguyen31\GitHub\VR2_EdApp\Vr Education Game\Library\ScriptAssemblies\Unity.ProBuilder.KdTree.dll
Symbol file LoadedFromMemory is not a mono symbol file
Symbol file data-0000020F74E868F0 doesn't match image C:\Users\snguyen31\GitHub\VR2_EdApp\Vr Education Game\Library\ScriptAssemblies\Unity.VSCode.Editor.dll
Symbol file LoadedFromMemory is not a mono symbol file
Symbol file data-0000020F70954CE0 doesn't match image C:\Users\snguyen31\GitHub\VR2_EdApp\Vr Education Game\Library\ScriptAssemblies\Unity.ProBuilder.AssetIdRemapUtility.dll
Symbol file LoadedFromMemory is not a mono symbol file
Symbol file data-0000020DE43484D0 doesn't match image C:\Users\snguyen31\GitHub\VR2_EdApp\Vr Education Game\Library\ScriptAssemblies\Unity.ProBuilder.Stl.dll
Symbol file LoadedFromMemory is not a mono symbol file
Symbol file data-0000020F71C6B020 doesn't match image C:\Users\snguyen31\GitHub\VR2_EdApp\Vr Education Game\Library\ScriptAssemblies\Unity.TextMeshPro.Editor.dll
Symbol file LoadedFromMemory is not a mono symbol file
Symbol file data-0000020F97C675F0 doesn't match image C:\Users\snguyen31\GitHub\VR2_EdApp\Vr Education Game\Library\ScriptAssemblies\Unity.VisualStudio.Editor.dll
Symbol file LoadedFromMemory is not a mono symbol file
Symbol file data-0000020F97C3CEE0 doesn't match image C:\Users\snguyen31\GitHub\VR2_EdApp\Vr Education Game\Library\ScriptAssemblies\Unity.ProBuilder.AddOns.Editor.dll
Symbol file LoadedFromMemory is not a mono symbol file
Symbol file data-0000020F7548DB60 doesn't match image C:\Users\snguyen31\GitHub\VR2_EdApp\Vr Education Game\Library\ScriptAssemblies\Unity.Settings.Editor.dll
Symbol file LoadedFromMemory is not a mono symbol file
Symbol file data-0000020F7484A030 doesn't match image C:\Users\snguyen31\GitHub\VR2_EdApp\Vr Education Game\Library\ScriptAssemblies\UnityEngine.TestRunner.dll
Symbol file LoadedFromMemory is not a mono symbol file
Symbol file data-0000020F6BECFEF0 doesn't match image C:\Users\snguyen31\GitHub\VR2_EdApp\Vr Education Game\Library\ScriptAssemblies\Unity.Timeline.Editor.dll
Symbol file LoadedFromMemory is not a mono symbol file
Symbol file data-0000020F6BD5A060 doesn't match image C:\Users\snguyen31\GitHub\VR2_EdApp\Vr Education Game\Library\ScriptAssemblies\Unity.Timeline.dll
Symbol file LoadedFromMemory is not a mono symbol file
Symbol file data-0000020F751C1550 doesn't match image C:\Users\snguyen31\GitHub\VR2_EdApp\Vr Education Game\Library\ScriptAssemblies\Unity.TextMeshPro.dll
Symbol file LoadedFromMemory is not a mono symbol file
Symbol file data-0000020F71FED030 doesn't match image C:\Users\snguyen31\GitHub\VR2_EdApp\Vr Education Game\Library\ScriptAssemblies\Unity.CollabProxy.Editor.dll
Symbol file LoadedFromMemory is not a mono symbol file
Symbol file data-0000020F6BB9E020 doesn't match image C:\Users\snguyen31\GitHub\VR2_EdApp\Vr Education Game\Library\ScriptAssemblies\Unity.ProBuilder.Csg.dll
Symbol file LoadedFromMemory is not a mono symbol file
Symbol file data-0000020F6BB84020 doesn't match image C:\Users\snguyen31\GitHub\VR2_EdApp\Vr Education Game\Library\ScriptAssemblies\UnityEditor.TestRunner.dll
Symbol file LoadedFromMemory is not a mono symbol file
Symbol file data-0000020F74CAA4A0 doesn't match image C:\Users\snguyen31\GitHub\VR2_EdApp\Vr Education Game\Library\ScriptAssemblies\Unity.ProBuilder.dll
Symbol file LoadedFromMemory is not a mono symbol file
Symbol file data-0000020F753A5C00 doesn't match image C:\Users\snguyen31\GitHub\VR2_EdApp\Vr Education Game\Library\ScriptAssemblies\Unity.ProBuilder.Editor.dll
Symbol file LoadedFromMemory is not a mono symbol file
Symbol file data-0000020F97C42B90 doesn't match image C:\Users\snguyen31\GitHub\VR2_EdApp\Vr Education Game\Library\ScriptAssemblies\UnityEditor.UI.dll
Symbol file LoadedFromMemory is not a mono symbol file
Symbol file data-0000020F75BF2030 doesn't match image C:\Users\snguyen31\GitHub\VR2_EdApp\Vr Education Game\Library\ScriptAssemblies\Unity.PlasticSCM.Editor.dll
Symbol file LoadedFromMemory is not a mono symbol file
Symbol file data-0000020F768B9BB0 doesn't match image C:\Users\snguyen31\GitHub\VR2_EdApp\Vr Education Game\Library\ScriptAssemblies\Unity.Rider.Editor.dll
Symbol file LoadedFromMemory is not a mono symbol file
Symbol file data-0000020F74D17720 doesn't match image C:\Users\snguyen31\GitHub\VR2_EdApp\Vr Education Game\Library\ScriptAssemblies\UnityEngine.UI.dll
Symbol file LoadedFromMemory is not a mono symbol file
Symbol file data-0000020F7458B040 doesn't match image C:\Users\snguyen31\GitHub\VR2_EdApp\Vr Education Game\Library\ScriptAssemblies\Unity.ProBuilder.Poly2Tri.dll
Symbol file LoadedFromMemory is not a mono symbol file
Native extension for WindowsStandalone target not found
Native extension for WebGL target not found
Refreshing native plugins compatible for Editor in 0.36 ms, found 2 plugins.
Preloading 0 native plugins for Editor in 0.00 ms.
Mono: successfully reloaded assembly
- Completed reload, in  1.088 seconds
Domain Reload Profiling:
	ReloadAssembly (1088ms)
		BeginReloadAssembly (118ms)
			ExecutionOrderSort (0ms)
			DisableScriptedObjects (4ms)
			BackupInstance (0ms)
			ReleaseScriptingObjects (0ms)
			CreateAndSetChildDomain (35ms)
		EndReloadAssembly (905ms)
			LoadAssemblies (93ms)
			RebuildTransferFunctionScriptingTraits (0ms)
			SetupTypeCache (265ms)
			ReleaseScriptCaches (1ms)
			RebuildScriptCaches (37ms)
			SetupLoadedEditorAssemblies (415ms)
				LogAssemblyErrors (0ms)
				InitializePlatformSupportModulesInManaged (7ms)
				SetLoadedEditorAssemblies (0ms)
				RefreshPlugins (0ms)
				BeforeProcessingInitializeOnLoad (99ms)
				ProcessInitializeOnLoadAttributes (297ms)
				ProcessInitializeOnLoadMethodAttributes (3ms)
				AfterProcessingInitializeOnLoad (8ms)
				EditorAssembliesLoaded (0ms)
			ExecutionOrderSort2 (0ms)
			AwakeInstancesAfterBackupRestoration (7ms)
Platform modules already initialized, skipping
Refreshing native plugins compatible for Editor in 0.38 ms, found 2 plugins.
Preloading 0 native plugins for Editor in 0.00 ms.
Unloading 1733 Unused Serialized files (Serialized files now loaded: 0)
System memory in use before: 83.5 MB.
System memory in use after: 83.6 MB.

Unloading 15 unused Assets to reduce memory usage. Loaded Objects now: 2263.
Total: 2.550400 ms (FindLiveObjects: 0.150000 ms CreateObjectMapping: 0.049300 ms MarkObjects: 2.330900 ms  DeleteObjects: 0.019400 ms)

AssetImportParameters requested are different than current active one (requested -> active):
  custom:framework-win-MediaFoundation: 216162199b28c13a410421893ffa2e32 -> 
  custom:video-decoder-ogg-theora: a1e56fd34408186e4bbccfd4996cb3dc -> 
  custom:container-muxer-webm: aa71ff27fc2769a1b78a27578f13a17b -> 
  custom:container-demuxer-webm: 4f35f7cbe854078d1ac9338744f61a02 -> 
  custom:container-demuxer-ogg: 62fdf1f143b41e24485cea50d1cbac27 -> 
  custom:video-encoder-webm-vp8: eb34c28f22e8b96e1ab97ce403110664 -> 
  custom:video-decoder-webm-vp8: 9c59270c3fd7afecdb556c50c9e8de78 -> 
  custom:audio-decoder-ogg-vorbis: bf7c407c2cedff20999df2af8eb42d56 -> 
  custom:audio-encoder-webm-vorbis: bf7c407c2cedff20999df2af8eb42d56 -> 
========================================================================
Received Prepare
Registering precompiled user dll's ...
Registered in 0.004669 seconds.
Begin MonoManager ReloadAssembly
Symbol file data-0000020F97029020 doesn't match image C:\Users\snguyen31\GitHub\VR2_EdApp\Vr Education Game\Library\ScriptAssemblies\Unity.ProBuilder.KdTree.dll
Symbol file LoadedFromMemory is not a mono symbol file
Symbol file data-0000020F748214C0 doesn't match image C:\Users\snguyen31\GitHub\VR2_EdApp\Vr Education Game\Library\ScriptAssemblies\Unity.VSCode.Editor.dll
Symbol file LoadedFromMemory is not a mono symbol file
Symbol file data-0000020F6BD4E020 doesn't match image C:\Users\snguyen31\GitHub\VR2_EdApp\Vr Education Game\Library\ScriptAssemblies\Unity.ProBuilder.AssetIdRemapUtility.dll
Symbol file LoadedFromMemory is not a mono symbol file
Symbol file data-0000020F97029020 doesn't match image C:\Users\snguyen31\GitHub\VR2_EdApp\Vr Education Game\Library\ScriptAssemblies\Unity.ProBuilder.Stl.dll
Symbol file LoadedFromMemory is not a mono symbol file
Symbol file data-0000020F74B054F0 doesn't match image C:\Users\snguyen31\GitHub\VR2_EdApp\Vr Education Game\Library\ScriptAssemblies\Unity.TextMeshPro.Editor.dll
Symbol file LoadedFromMemory is not a mono symbol file
Symbol file data-0000020F7421D010 doesn't match image C:\Users\snguyen31\GitHub\VR2_EdApp\Vr Education Game\Library\ScriptAssemblies\Unity.VisualStudio.Editor.dll
Symbol file LoadedFromMemory is not a mono symbol file
Symbol file data-0000020F75318920 doesn't match image C:\Users\snguyen31\GitHub\VR2_EdApp\Vr Education Game\Library\ScriptAssemblies\Unity.ProBuilder.AddOns.Editor.dll
Symbol file LoadedFromMemory is not a mono symbol file
Symbol file data-0000020F700806B0 doesn't match image C:\Users\snguyen31\GitHub\VR2_EdApp\Vr Education Game\Library\ScriptAssemblies\Unity.Settings.Editor.dll
Symbol file LoadedFromMemory is not a mono symbol file
Symbol file data-0000020F71E31010 doesn't match image C:\Users\snguyen31\GitHub\VR2_EdApp\Vr Education Game\Library\ScriptAssemblies\UnityEngine.TestRunner.dll
Symbol file LoadedFromMemory is not a mono symbol file
Symbol file data-0000020F977BA020 doesn't match image C:\Users\snguyen31\GitHub\VR2_EdApp\Vr Education Game\Library\ScriptAssemblies\Unity.Timeline.Editor.dll
Symbol file LoadedFromMemory is not a mono symbol file
Symbol file data-0000020F6BA97010 doesn't match image C:\Users\snguyen31\GitHub\VR2_EdApp\Vr Education Game\Library\ScriptAssemblies\Unity.Timeline.dll
Symbol file LoadedFromMemory is not a mono symbol file
Symbol file data-0000020F714CC030 doesn't match image C:\Users\snguyen31\GitHub\VR2_EdApp\Vr Education Game\Library\ScriptAssemblies\Unity.TextMeshPro.dll
Symbol file LoadedFromMemory is not a mono symbol file
Symbol file data-0000020F71FED030 doesn't match image C:\Users\snguyen31\GitHub\VR2_EdApp\Vr Education Game\Library\ScriptAssemblies\Unity.CollabProxy.Editor.dll
Symbol file LoadedFromMemory is not a mono symbol file
Symbol file data-0000020F74231AE0 doesn't match image C:\Users\snguyen31\GitHub\VR2_EdApp\Vr Education Game\Library\ScriptAssemblies\Unity.ProBuilder.Csg.dll
Symbol file LoadedFromMemory is not a mono symbol file
Symbol file data-0000020F70DB0010 doesn't match image C:\Users\snguyen31\GitHub\VR2_EdApp\Vr Education Game\Library\ScriptAssemblies\UnityEditor.TestRunner.dll
Symbol file LoadedFromMemory is not a mono symbol file
Symbol file data-0000020F75287010 doesn't match image C:\Users\snguyen31\GitHub\VR2_EdApp\Vr Education Game\Library\ScriptAssemblies\Unity.ProBuilder.dll
Symbol file LoadedFromMemory is not a mono symbol file
Symbol file data-0000020F70D44010 doesn't match image C:\Users\snguyen31\GitHub\VR2_EdApp\Vr Education Game\Library\ScriptAssemblies\Unity.ProBuilder.Editor.dll
Symbol file LoadedFromMemory is not a mono symbol file
Symbol file data-0000020F75A14640 doesn't match image C:\Users\snguyen31\GitHub\VR2_EdApp\Vr Education Game\Library\ScriptAssemblies\UnityEditor.UI.dll
Symbol file LoadedFromMemory is not a mono symbol file
Symbol file data-0000020F74D79010 doesn't match image C:\Users\snguyen31\GitHub\VR2_EdApp\Vr Education Game\Library\ScriptAssemblies\Unity.PlasticSCM.Editor.dll
Symbol file LoadedFromMemory is not a mono symbol file
Symbol file data-0000020F7096D010 doesn't match image C:\Users\snguyen31\GitHub\VR2_EdApp\Vr Education Game\Library\ScriptAssemblies\Unity.Rider.Editor.dll
Symbol file LoadedFromMemory is not a mono symbol file
Symbol file data-0000020F766D8010 doesn't match image C:\Users\snguyen31\GitHub\VR2_EdApp\Vr Education Game\Library\ScriptAssemblies\UnityEngine.UI.dll
Symbol file LoadedFromMemory is not a mono symbol file
Symbol file data-0000020F7458B040 doesn't match image C:\Users\snguyen31\GitHub\VR2_EdApp\Vr Education Game\Library\ScriptAssemblies\Unity.ProBuilder.Poly2Tri.dll
Symbol file LoadedFromMemory is not a mono symbol file
Native extension for WindowsStandalone target not found
Native extension for WebGL target not found
Refreshing native plugins compatible for Editor in 0.44 ms, found 2 plugins.
Preloading 0 native plugins for Editor in 0.00 ms.
Mono: successfully reloaded assembly
- Completed reload, in  1.133 seconds
Domain Reload Profiling:
	ReloadAssembly (1133ms)
		BeginReloadAssembly (117ms)
			ExecutionOrderSort (0ms)
			DisableScriptedObjects (4ms)
			BackupInstance (0ms)
			ReleaseScriptingObjects (0ms)
			CreateAndSetChildDomain (34ms)
		EndReloadAssembly (945ms)
			LoadAssemblies (98ms)
			RebuildTransferFunctionScriptingTraits (0ms)
			SetupTypeCache (253ms)
			ReleaseScriptCaches (1ms)
			RebuildScriptCaches (39ms)
			SetupLoadedEditorAssemblies (439ms)
				LogAssemblyErrors (0ms)
				InitializePlatformSupportModulesInManaged (6ms)
				SetLoadedEditorAssemblies (1ms)
				RefreshPlugins (0ms)
				BeforeProcessingInitializeOnLoad (87ms)
				ProcessInitializeOnLoadAttributes (329ms)
				ProcessInitializeOnLoadMethodAttributes (6ms)
				AfterProcessingInitializeOnLoad (10ms)
				EditorAssembliesLoaded (0ms)
			ExecutionOrderSort2 (0ms)
			AwakeInstancesAfterBackupRestoration (7ms)
Platform modules already initialized, skipping
Refreshing native plugins compatible for Editor in 0.40 ms, found 2 plugins.
Preloading 0 native plugins for Editor in 0.00 ms.
Unloading 1733 Unused Serialized files (Serialized files now loaded: 0)
System memory in use before: 83.5 MB.
System memory in use after: 83.6 MB.

Unloading 13 unused Assets to reduce memory usage. Loaded Objects now: 2265.
Total: 2.709500 ms (FindLiveObjects: 0.155000 ms CreateObjectMapping: 0.071800 ms MarkObjects: 2.458200 ms  DeleteObjects: 0.023700 ms)

AssetImportParameters requested are different than current active one (requested -> active):
  custom:framework-win-MediaFoundation: 216162199b28c13a410421893ffa2e32 -> 
  custom:video-decoder-ogg-theora: a1e56fd34408186e4bbccfd4996cb3dc -> 
  custom:container-muxer-webm: aa71ff27fc2769a1b78a27578f13a17b -> 
  custom:container-demuxer-webm: 4f35f7cbe854078d1ac9338744f61a02 -> 
  custom:container-demuxer-ogg: 62fdf1f143b41e24485cea50d1cbac27 -> 
  custom:video-encoder-webm-vp8: eb34c28f22e8b96e1ab97ce403110664 -> 
  custom:video-decoder-webm-vp8: 9c59270c3fd7afecdb556c50c9e8de78 -> 
  custom:audio-decoder-ogg-vorbis: bf7c407c2cedff20999df2af8eb42d56 -> 
  custom:audio-encoder-webm-vorbis: bf7c407c2cedff20999df2af8eb42d56 -> 
AssetImportWorkerClient::OnTransportError - code=2 error=End of file
